Analysis & Elaboration report for simple_processor
Wed May 18 15:52:23 2022
Quartus Prime Version 21.1.0 Build 842 10/21/2021 SJ Lite Edition


---------------------
; Table of Contents ;
---------------------
  1. Legal Notice
  2. Analysis & Elaboration Summary
  3. Parallel Compilation
  4. Analysis & Elaboration Settings
  5. Port Connectivity Checks: "control_unit:cu_inst|control_output:get_outputs|binary_to_reg_sig:get_ry_out"
  6. Port Connectivity Checks: "control_unit:cu_inst|control_output:get_outputs|binary_to_reg_sig:get_ry_in"
  7. Port Connectivity Checks: "control_unit:cu_inst|control_output:get_outputs|binary_to_reg_sig:get_rx_out"
  8. Port Connectivity Checks: "control_unit:cu_inst|control_output:get_outputs|binary_to_reg_sig:get_rx_in"
  9. Port Connectivity Checks: "control_unit:cu_inst|next_state:inst_next_state"
 10. Port Connectivity Checks: "control_unit:cu_inst"
 11. Analysis & Elaboration Messages



----------------
; Legal Notice ;
----------------
Copyright (C) 2021  Intel Corporation. All rights reserved.
Your use of Intel Corporation's design tools, logic functions 
and other software and tools, and any partner logic 
functions, and any output files from any of the foregoing 
(including device programming or simulation files), and any 
associated documentation or information are expressly subject 
to the terms and conditions of the Intel Program License 
Subscription Agreement, the Intel Quartus Prime License Agreement,
the Intel FPGA IP License Agreement, or other applicable license
agreement, including, without limitation, that your use is for
the sole purpose of programming logic devices manufactured by
Intel and sold by Intel or its authorized distributors.  Please
refer to the applicable agreement for further details, at
https://fpgasoftware.intel.com/eula.



+-----------------------------------------------------------------------------+
; Analysis & Elaboration Summary                                              ;
+-------------------------------+---------------------------------------------+
; Analysis & Elaboration Status ; Successful - Wed May 18 15:52:23 2022       ;
; Quartus Prime Version         ; 21.1.0 Build 842 10/21/2021 SJ Lite Edition ;
; Revision Name                 ; simple_processor                            ;
; Top-level Entity Name         ; control_unit_TB                             ;
; Family                        ; Cyclone V                                   ;
; Logic utilization (in ALMs)   ; N/A until Partition Merge                   ;
; Total registers               ; N/A until Partition Merge                   ;
; Total pins                    ; N/A until Partition Merge                   ;
; Total virtual pins            ; N/A until Partition Merge                   ;
; Total block memory bits       ; N/A until Partition Merge                   ;
; Total PLLs                    ; N/A until Partition Merge                   ;
; Total DLLs                    ; N/A until Partition Merge                   ;
+-------------------------------+---------------------------------------------+


+------------------------------------------+
; Parallel Compilation                     ;
+----------------------------+-------------+
; Processors                 ; Number      ;
+----------------------------+-------------+
; Number detected on machine ; 8           ;
; Maximum allowed            ; 4           ;
;                            ;             ;
; Average used               ; 1.00        ;
; Maximum used               ; 1           ;
;                            ;             ;
; Usage by Processor         ; % Time Used ;
;     Processor 1            ; 100.0%      ;
+----------------------------+-------------+


+---------------------------------------------------------------------------------------------------------------------------+
; Analysis & Elaboration Settings                                                                                           ;
+---------------------------------------------------------------------------------+--------------------+--------------------+
; Option                                                                          ; Setting            ; Default Value      ;
+---------------------------------------------------------------------------------+--------------------+--------------------+
; Device                                                                          ; 5CSEMA5F31C6       ;                    ;
; Top-level entity name                                                           ; control_unit_TB    ; simple_processor   ;
; Family name                                                                     ; Cyclone V          ; Cyclone V          ;
; Use smart compilation                                                           ; Off                ; Off                ;
; Enable parallel Assembler and Timing Analyzer during compilation                ; On                 ; On                 ;
; Enable compact report table                                                     ; Off                ; Off                ;
; Restructure Multiplexers                                                        ; Auto               ; Auto               ;
; MLAB Add Timing Constraints For Mixed-Port Feed-Through Mode Setting Don't Care ; Off                ; Off                ;
; Create Debugging Nodes for IP Cores                                             ; Off                ; Off                ;
; Preserve fewer node names                                                       ; On                 ; On                 ;
; Intel FPGA IP Evaluation Mode                                                   ; Enable             ; Enable             ;
; Verilog Version                                                                 ; Verilog_2001       ; Verilog_2001       ;
; VHDL Version                                                                    ; VHDL_1993          ; VHDL_1993          ;
; State Machine Processing                                                        ; Auto               ; Auto               ;
; Safe State Machine                                                              ; Off                ; Off                ;
; Extract Verilog State Machines                                                  ; On                 ; On                 ;
; Extract VHDL State Machines                                                     ; On                 ; On                 ;
; Ignore Verilog initial constructs                                               ; Off                ; Off                ;
; Iteration limit for constant Verilog loops                                      ; 5000               ; 5000               ;
; Iteration limit for non-constant Verilog loops                                  ; 250                ; 250                ;
; Add Pass-Through Logic to Inferred RAMs                                         ; On                 ; On                 ;
; Infer RAMs from Raw Logic                                                       ; On                 ; On                 ;
; Parallel Synthesis                                                              ; On                 ; On                 ;
; DSP Block Balancing                                                             ; Auto               ; Auto               ;
; NOT Gate Push-Back                                                              ; On                 ; On                 ;
; Power-Up Don't Care                                                             ; On                 ; On                 ;
; Remove Redundant Logic Cells                                                    ; Off                ; Off                ;
; Remove Duplicate Registers                                                      ; On                 ; On                 ;
; Ignore CARRY Buffers                                                            ; Off                ; Off                ;
; Ignore CASCADE Buffers                                                          ; Off                ; Off                ;
; Ignore GLOBAL Buffers                                                           ; Off                ; Off                ;
; Ignore ROW GLOBAL Buffers                                                       ; Off                ; Off                ;
; Ignore LCELL Buffers                                                            ; Off                ; Off                ;
; Ignore SOFT Buffers                                                             ; On                 ; On                 ;
; Limit AHDL Integers to 32 Bits                                                  ; Off                ; Off                ;
; Optimization Technique                                                          ; Balanced           ; Balanced           ;
; Carry Chain Length                                                              ; 70                 ; 70                 ;
; Auto Carry Chains                                                               ; On                 ; On                 ;
; Auto Open-Drain Pins                                                            ; On                 ; On                 ;
; Perform WYSIWYG Primitive Resynthesis                                           ; Off                ; Off                ;
; Auto ROM Replacement                                                            ; On                 ; On                 ;
; Auto RAM Replacement                                                            ; On                 ; On                 ;
; Auto DSP Block Replacement                                                      ; On                 ; On                 ;
; Auto Shift Register Replacement                                                 ; Auto               ; Auto               ;
; Allow Shift Register Merging across Hierarchies                                 ; Auto               ; Auto               ;
; Auto Clock Enable Replacement                                                   ; On                 ; On                 ;
; Strict RAM Replacement                                                          ; Off                ; Off                ;
; Allow Synchronous Control Signals                                               ; On                 ; On                 ;
; Force Use of Synchronous Clear Signals                                          ; Off                ; Off                ;
; Auto Resource Sharing                                                           ; Off                ; Off                ;
; Allow Any RAM Size For Recognition                                              ; Off                ; Off                ;
; Allow Any ROM Size For Recognition                                              ; Off                ; Off                ;
; Allow Any Shift Register Size For Recognition                                   ; Off                ; Off                ;
; Use LogicLock Constraints during Resource Balancing                             ; On                 ; On                 ;
; Ignore translate_off and synthesis_off directives                               ; Off                ; Off                ;
; Timing-Driven Synthesis                                                         ; On                 ; On                 ;
; Report Parameter Settings                                                       ; On                 ; On                 ;
; Report Source Assignments                                                       ; On                 ; On                 ;
; Report Connectivity Checks                                                      ; On                 ; On                 ;
; Ignore Maximum Fan-Out Assignments                                              ; Off                ; Off                ;
; Synchronization Register Chain Length                                           ; 3                  ; 3                  ;
; Power Optimization During Synthesis                                             ; Normal compilation ; Normal compilation ;
; HDL message level                                                               ; Level2             ; Level2             ;
; Suppress Register Optimization Related Messages                                 ; Off                ; Off                ;
; Number of Removed Registers Reported in Synthesis Report                        ; 5000               ; 5000               ;
; Number of Swept Nodes Reported in Synthesis Report                              ; 5000               ; 5000               ;
; Number of Inverted Registers Reported in Synthesis Report                       ; 100                ; 100                ;
; Clock MUX Protection                                                            ; On                 ; On                 ;
; Auto Gated Clock Conversion                                                     ; Off                ; Off                ;
; Block Design Naming                                                             ; Auto               ; Auto               ;
; SDC constraint protection                                                       ; Off                ; Off                ;
; Synthesis Effort                                                                ; Auto               ; Auto               ;
; Shift Register Replacement - Allow Asynchronous Clear Signal                    ; On                 ; On                 ;
; Pre-Mapping Resynthesis Optimization                                            ; Off                ; Off                ;
; Analysis & Synthesis Message Level                                              ; Medium             ; Medium             ;
; Disable Register Merging Across Hierarchies                                     ; Auto               ; Auto               ;
; Resource Aware Inference For Block RAM                                          ; On                 ; On                 ;
; Automatic Parallel Synthesis                                                    ; On                 ; On                 ;
; Partial Reconfiguration Bitstream ID                                            ; Off                ; Off                ;
+---------------------------------------------------------------------------------+--------------------+--------------------+


+-----------------------------------------------------------------------------------------------------------------------------------------------------------------------+
; Port Connectivity Checks: "control_unit:cu_inst|control_output:get_outputs|binary_to_reg_sig:get_ry_out"                                                              ;
+------+-------+----------+---------------------------------------------------------------------------------------------------------------------------------------------+
; Port ; Type  ; Severity ; Details                                                                                                                                     ;
+------+-------+----------+---------------------------------------------------------------------------------------------------------------------------------------------+
; bin  ; Input ; Warning  ; Input port expression (1 bits) is smaller than the input port (3 bits) it drives.  Extra input bit(s) "bin[2..1]" will be connected to GND. ;
+------+-------+----------+---------------------------------------------------------------------------------------------------------------------------------------------+


+-------------------------------------------------------------------------------------------------------------------------------------------------------------------------+
; Port Connectivity Checks: "control_unit:cu_inst|control_output:get_outputs|binary_to_reg_sig:get_ry_in"                                                                 ;
+--------+-------+----------+---------------------------------------------------------------------------------------------------------------------------------------------+
; Port   ; Type  ; Severity ; Details                                                                                                                                     ;
+--------+-------+----------+---------------------------------------------------------------------------------------------------------------------------------------------+
; bin    ; Input ; Warning  ; Input port expression (1 bits) is smaller than the input port (3 bits) it drives.  Extra input bit(s) "bin[2..1]" will be connected to GND. ;
; enable ; Input ; Info     ; Stuck at GND                                                                                                                                ;
+--------+-------+----------+---------------------------------------------------------------------------------------------------------------------------------------------+


+-----------------------------------------------------------------------------------------------------------------------------------------------------------------------+
; Port Connectivity Checks: "control_unit:cu_inst|control_output:get_outputs|binary_to_reg_sig:get_rx_out"                                                              ;
+------+-------+----------+---------------------------------------------------------------------------------------------------------------------------------------------+
; Port ; Type  ; Severity ; Details                                                                                                                                     ;
+------+-------+----------+---------------------------------------------------------------------------------------------------------------------------------------------+
; bin  ; Input ; Warning  ; Input port expression (1 bits) is smaller than the input port (3 bits) it drives.  Extra input bit(s) "bin[2..1]" will be connected to GND. ;
+------+-------+----------+---------------------------------------------------------------------------------------------------------------------------------------------+


+-----------------------------------------------------------------------------------------------------------------------------------------------------------------------+
; Port Connectivity Checks: "control_unit:cu_inst|control_output:get_outputs|binary_to_reg_sig:get_rx_in"                                                               ;
+------+-------+----------+---------------------------------------------------------------------------------------------------------------------------------------------+
; Port ; Type  ; Severity ; Details                                                                                                                                     ;
+------+-------+----------+---------------------------------------------------------------------------------------------------------------------------------------------+
; bin  ; Input ; Warning  ; Input port expression (1 bits) is smaller than the input port (3 bits) it drives.  Extra input bit(s) "bin[2..1]" will be connected to GND. ;
+------+-------+----------+---------------------------------------------------------------------------------------------------------------------------------------------+


+------------------------------------------------------------------------------------------------------------------------------------------------------------------+
; Port Connectivity Checks: "control_unit:cu_inst|next_state:inst_next_state"                                                                                      ;
+------------+--------+----------+---------------------------------------------------------------------------------------------------------------------------------+
; Port       ; Type   ; Severity ; Details                                                                                                                         ;
+------------+--------+----------+---------------------------------------------------------------------------------------------------------------------------------+
; next_state ; Output ; Warning  ; Output or bidir port (16 bits) is wider than the port expression (4 bits) it drives; bit(s) "next_state[15..4]" have no fanouts ;
+------------+--------+----------+---------------------------------------------------------------------------------------------------------------------------------+


+-------------------------------------------------------------------------------------------------------------------------------------------+
; Port Connectivity Checks: "control_unit:cu_inst"                                                                                          ;
+------------+--------+----------+----------------------------------------------------------------------------------------------------------+
; Port       ; Type   ; Severity ; Details                                                                                                  ;
+------------+--------+----------+----------------------------------------------------------------------------------------------------------+
; clk        ; Input  ; Info     ; Stuck at VCC                                                                                             ;
; instr[15]  ; Input  ; Info     ; Stuck at GND                                                                                             ;
; instr[11]  ; Input  ; Info     ; Stuck at GND                                                                                             ;
; rin        ; Output ; Info     ; Connected to dangling logic. Logic that only feeds a dangling port will be removed.                      ;
; rout       ; Output ; Info     ; Connected to dangling logic. Logic that only feeds a dangling port will be removed.                      ;
; gin        ; Output ; Info     ; Connected to dangling logic. Logic that only feeds a dangling port will be removed.                      ;
; gout       ; Output ; Info     ; Connected to dangling logic. Logic that only feeds a dangling port will be removed.                      ;
; pcin       ; Output ; Info     ; Connected to dangling logic. Logic that only feeds a dangling port will be removed.                      ;
; pcout      ; Output ; Info     ; Connected to dangling logic. Logic that only feeds a dangling port will be removed.                      ;
; addsub     ; Output ; Info     ; Connected to dangling logic. Logic that only feeds a dangling port will be removed.                      ;
; a_in       ; Output ; Info     ; Connected to dangling logic. Logic that only feeds a dangling port will be removed.                      ;
; xorctrl    ; Output ; Info     ; Connected to dangling logic. Logic that only feeds a dangling port will be removed.                      ;
; ctrl_out   ; Output ; Info     ; Connected to dangling logic. Logic that only feeds a dangling port will be removed.                      ;
; out        ; Output ; Info     ; Connected to dangling logic. Logic that only feeds a dangling port will be removed.                      ;
; instr_ctrl ; Output ; Warning  ; Declared by entity but not connected by instance. Logic that only feeds a dangling port will be removed. ;
+------------+--------+----------+----------------------------------------------------------------------------------------------------------+


+---------------------------------+
; Analysis & Elaboration Messages ;
+---------------------------------+
Info: *******************************************************************
Info: Running Quartus Prime Analysis & Elaboration
    Info: Version 21.1.0 Build 842 10/21/2021 SJ Lite Edition
    Info: Processing started: Wed May 18 15:52:06 2022
Info: Command: quartus_map --read_settings_files=on --write_settings_files=off simple_processor -c simple_processor --analysis_and_elaboration
Warning (18236): Number of processors has not been specified which may cause overloading on shared machines.  Set the global assignment NUM_PARALLEL_PROCESSORS in your QSF to an appropriate value for best performance.
Info (20030): Parallel compilation is enabled and will use 4 of the 4 processors detected
Info (12021): Found 1 design units, including 1 entities, in source file xor_tb.v
    Info (12023): Found entity 1: xor_TB File: C:/Users/thare/OneDrive/Documents/UNI/YR3/elec2602_group6/project/xor_TB.v Line: 3
Info (12021): Found 1 design units, including 1 entities, in source file sixteen_bit_xor.v
    Info (12023): Found entity 1: sixteen_bit_xor File: C:/Users/thare/OneDrive/Documents/UNI/YR3/elec2602_group6/project/sixteen_bit_xor.v Line: 1
Info (12021): Found 2 design units, including 2 entities, in source file sixteenbit_fa.v
    Info (12023): Found entity 1: FA File: C:/Users/thare/OneDrive/Documents/UNI/YR3/elec2602_group6/project/sixteenBit_FA.v Line: 1
    Info (12023): Found entity 2: sixteenBit_FA File: C:/Users/thare/OneDrive/Documents/UNI/YR3/elec2602_group6/project/sixteenBit_FA.v Line: 11
Info (12021): Found 1 design units, including 1 entities, in source file register_block.v
    Info (12023): Found entity 1: register_block File: C:/Users/thare/OneDrive/Documents/UNI/YR3/elec2602_group6/project/register_block.v Line: 1
Info (12021): Found 0 design units, including 0 entities, in source file ram.v
Info (12021): Found 1 design units, including 1 entities, in source file datapath.v
    Info (12023): Found entity 1: datapath File: C:/Users/thare/OneDrive/Documents/UNI/YR3/elec2602_group6/project/datapath.v Line: 1
Info (12021): Found 1 design units, including 1 entities, in source file buff.v
    Info (12023): Found entity 1: buff File: C:/Users/thare/OneDrive/Documents/UNI/YR3/elec2602_group6/project/buff.v Line: 1
Info (12021): Found 1 design units, including 1 entities, in source file alu.v
    Info (12023): Found entity 1: alu File: C:/Users/thare/OneDrive/Documents/UNI/YR3/elec2602_group6/project/alu.v Line: 1
Info (12021): Found 1 design units, including 1 entities, in source file control_unit.v
    Info (12023): Found entity 1: control_unit File: C:/Users/thare/OneDrive/Documents/UNI/YR3/elec2602_group6/project/control_unit.v Line: 1
Info (12021): Found 1 design units, including 1 entities, in source file sixteen_bit_reg.v
    Info (12023): Found entity 1: sixteen_bit_reg File: C:/Users/thare/OneDrive/Documents/UNI/YR3/elec2602_group6/project/sixteen_bit_reg.v Line: 1
Info (12021): Found 1 design units, including 1 entities, in source file next_state.v
    Info (12023): Found entity 1: next_state File: C:/Users/thare/OneDrive/Documents/UNI/YR3/elec2602_group6/project/next_state.v Line: 1
Info (12021): Found 1 design units, including 1 entities, in source file four_bit_reg.v
    Info (12023): Found entity 1: four_bit_reg File: C:/Users/thare/OneDrive/Documents/UNI/YR3/elec2602_group6/project/four_bit_reg.v Line: 1
Info (12021): Found 1 design units, including 1 entities, in source file control_output.v
    Info (12023): Found entity 1: control_output File: C:/Users/thare/OneDrive/Documents/UNI/YR3/elec2602_group6/project/control_output.v Line: 1
Info (12021): Found 1 design units, including 1 entities, in source file binary_to_reg_sig.v
    Info (12023): Found entity 1: binary_to_reg_sig File: C:/Users/thare/OneDrive/Documents/UNI/YR3/elec2602_group6/project/binary_to_reg_sig.v Line: 1
Info (12021): Found 1 design units, including 1 entities, in source file control_unit_tb.v
    Info (12023): Found entity 1: control_unit_TB File: C:/Users/thare/OneDrive/Documents/UNI/YR3/elec2602_group6/project/control_unit_TB.v Line: 3
Warning (10236): Verilog HDL Implicit Net warning at datapath.v(28): created implicit net for "pcin" File: C:/Users/thare/OneDrive/Documents/UNI/YR3/elec2602_group6/project/datapath.v Line: 28
Warning (10236): Verilog HDL Implicit Net warning at control_output.v(83): created implicit net for "rx" File: C:/Users/thare/OneDrive/Documents/UNI/YR3/elec2602_group6/project/control_output.v Line: 83
Warning (10236): Verilog HDL Implicit Net warning at control_output.v(84): created implicit net for "ry" File: C:/Users/thare/OneDrive/Documents/UNI/YR3/elec2602_group6/project/control_output.v Line: 84
Info (12127): Elaborating entity "control_unit_TB" for the top level hierarchy
Info (12128): Elaborating entity "control_unit" for hierarchy "control_unit:cu_inst" File: C:/Users/thare/OneDrive/Documents/UNI/YR3/elec2602_group6/project/control_unit_TB.v Line: 19
Warning (10034): Output port "instr_ctrl" at control_unit.v(13) has no driver File: C:/Users/thare/OneDrive/Documents/UNI/YR3/elec2602_group6/project/control_unit.v Line: 13
Info (12128): Elaborating entity "four_bit_reg" for hierarchy "control_unit:cu_inst|four_bit_reg:state_reg" File: C:/Users/thare/OneDrive/Documents/UNI/YR3/elec2602_group6/project/control_unit.v Line: 22
Info (12128): Elaborating entity "next_state" for hierarchy "control_unit:cu_inst|next_state:inst_next_state" File: C:/Users/thare/OneDrive/Documents/UNI/YR3/elec2602_group6/project/control_unit.v Line: 24
Info (12128): Elaborating entity "control_output" for hierarchy "control_unit:cu_inst|control_output:get_outputs" File: C:/Users/thare/OneDrive/Documents/UNI/YR3/elec2602_group6/project/control_unit.v Line: 27
Warning (10230): Verilog HDL assignment warning at control_output.v(83): truncated value with size 4 to match size of target (1) File: C:/Users/thare/OneDrive/Documents/UNI/YR3/elec2602_group6/project/control_output.v Line: 83
Warning (10230): Verilog HDL assignment warning at control_output.v(84): truncated value with size 4 to match size of target (1) File: C:/Users/thare/OneDrive/Documents/UNI/YR3/elec2602_group6/project/control_output.v Line: 84
Info (12128): Elaborating entity "binary_to_reg_sig" for hierarchy "control_unit:cu_inst|control_output:get_outputs|binary_to_reg_sig:get_rx_in" File: C:/Users/thare/OneDrive/Documents/UNI/YR3/elec2602_group6/project/control_output.v Line: 85
Warning (10272): Verilog HDL Case Statement warning at binary_to_reg_sig.v(12): case item expression covers a value already covered by a previous case item File: C:/Users/thare/OneDrive/Documents/UNI/YR3/elec2602_group6/project/binary_to_reg_sig.v Line: 12
Warning (12241): 6 hierarchies have connectivity warnings - see the Connectivity Checks report folder
Info: Quartus Prime Analysis & Elaboration was successful. 0 errors, 9 warnings
    Info: Peak virtual memory: 4785 megabytes
    Info: Processing ended: Wed May 18 15:52:23 2022
    Info: Elapsed time: 00:00:17
    Info: Total CPU time (on all processors): 00:00:36


