Analysis & Synthesis report for lab6
Thu May 05 15:06:37 2022
Quartus Prime Version 20.1.0 Build 711 06/05/2020 SJ Lite Edition


---------------------
; Table of Contents ;
---------------------
  1. Legal Notice
  2. Analysis & Synthesis Summary
  3. Analysis & Synthesis Settings
  4. Parallel Compilation
  5. Analysis & Synthesis Source Files Read
  6. Analysis & Synthesis Resource Usage Summary
  7. Analysis & Synthesis Resource Utilization by Entity
  8. General Register Statistics
  9. Port Connectivity Checks: "n1s_n0s:thing|counter_module:counter_thing"
 10. Post-Synthesis Netlist Statistics for Top Partition
 11. Elapsed Time Per Partition
 12. Analysis & Synthesis Messages
 13. Analysis & Synthesis Suppressed Messages



----------------
; Legal Notice ;
----------------
Copyright (C) 2020  Intel Corporation. All rights reserved.
Your use of Intel Corporation's design tools, logic functions 
and other software and tools, and any partner logic 
functions, and any output files from any of the foregoing 
(including device programming or simulation files), and any 
associated documentation or information are expressly subject 
to the terms and conditions of the Intel Program License 
Subscription Agreement, the Intel Quartus Prime License Agreement,
the Intel FPGA IP License Agreement, or other applicable license
agreement, including, without limitation, that your use is for
the sole purpose of programming logic devices manufactured by
Intel and sold by Intel or its authorized distributors.  Please
refer to the applicable agreement for further details, at
https://fpgasoftware.intel.com/eula.



+-------------------------------------------------------------------------------+
; Analysis & Synthesis Summary                                                  ;
+---------------------------------+---------------------------------------------+
; Analysis & Synthesis Status     ; Successful - Thu May 05 15:06:37 2022       ;
; Quartus Prime Version           ; 20.1.0 Build 711 06/05/2020 SJ Lite Edition ;
; Revision Name                   ; lab6                                        ;
; Top-level Entity Name           ; int_n1s_n0s                                 ;
; Family                          ; Cyclone V                                   ;
; Logic utilization (in ALMs)     ; N/A                                         ;
; Total registers                 ; 0                                           ;
; Total pins                      ; 31                                          ;
; Total virtual pins              ; 0                                           ;
; Total block memory bits         ; 0                                           ;
; Total DSP Blocks                ; 0                                           ;
; Total HSSI RX PCSs              ; 0                                           ;
; Total HSSI PMA RX Deserializers ; 0                                           ;
; Total HSSI TX PCSs              ; 0                                           ;
; Total HSSI PMA TX Serializers   ; 0                                           ;
; Total PLLs                      ; 0                                           ;
; Total DLLs                      ; 0                                           ;
+---------------------------------+---------------------------------------------+


+---------------------------------------------------------------------------------------------------------------------------+
; Analysis & Synthesis Settings                                                                                             ;
+---------------------------------------------------------------------------------+--------------------+--------------------+
; Option                                                                          ; Setting            ; Default Value      ;
+---------------------------------------------------------------------------------+--------------------+--------------------+
; Device                                                                          ; 5CSEMA5F31C6       ;                    ;
; Top-level entity name                                                           ; int_n1s_n0s        ; lab6               ;
; Family name                                                                     ; Cyclone V          ; Cyclone V          ;
; Use smart compilation                                                           ; Off                ; Off                ;
; Enable parallel Assembler and Timing Analyzer during compilation                ; On                 ; On                 ;
; Enable compact report table                                                     ; Off                ; Off                ;
; Restructure Multiplexers                                                        ; Auto               ; Auto               ;
; MLAB Add Timing Constraints For Mixed-Port Feed-Through Mode Setting Don't Care ; Off                ; Off                ;
; Create Debugging Nodes for IP Cores                                             ; Off                ; Off                ;
; Preserve fewer node names                                                       ; On                 ; On                 ;
; Intel FPGA IP Evaluation Mode                                                   ; Enable             ; Enable             ;
; Verilog Version                                                                 ; Verilog_2001       ; Verilog_2001       ;
; VHDL Version                                                                    ; VHDL_1993          ; VHDL_1993          ;
; State Machine Processing                                                        ; Auto               ; Auto               ;
; Safe State Machine                                                              ; Off                ; Off                ;
; Extract Verilog State Machines                                                  ; On                 ; On                 ;
; Extract VHDL State Machines                                                     ; On                 ; On                 ;
; Ignore Verilog initial constructs                                               ; Off                ; Off                ;
; Iteration limit for constant Verilog loops                                      ; 5000               ; 5000               ;
; Iteration limit for non-constant Verilog loops                                  ; 250                ; 250                ;
; Add Pass-Through Logic to Inferred RAMs                                         ; On                 ; On                 ;
; Infer RAMs from Raw Logic                                                       ; On                 ; On                 ;
; Parallel Synthesis                                                              ; On                 ; On                 ;
; DSP Block Balancing                                                             ; Auto               ; Auto               ;
; NOT Gate Push-Back                                                              ; On                 ; On                 ;
; Power-Up Don't Care                                                             ; On                 ; On                 ;
; Remove Redundant Logic Cells                                                    ; Off                ; Off                ;
; Remove Duplicate Registers                                                      ; On                 ; On                 ;
; Ignore CARRY Buffers                                                            ; Off                ; Off                ;
; Ignore CASCADE Buffers                                                          ; Off                ; Off                ;
; Ignore GLOBAL Buffers                                                           ; Off                ; Off                ;
; Ignore ROW GLOBAL Buffers                                                       ; Off                ; Off                ;
; Ignore LCELL Buffers                                                            ; Off                ; Off                ;
; Ignore SOFT Buffers                                                             ; On                 ; On                 ;
; Limit AHDL Integers to 32 Bits                                                  ; Off                ; Off                ;
; Optimization Technique                                                          ; Balanced           ; Balanced           ;
; Carry Chain Length                                                              ; 70                 ; 70                 ;
; Auto Carry Chains                                                               ; On                 ; On                 ;
; Auto Open-Drain Pins                                                            ; On                 ; On                 ;
; Perform WYSIWYG Primitive Resynthesis                                           ; Off                ; Off                ;
; Auto ROM Replacement                                                            ; On                 ; On                 ;
; Auto RAM Replacement                                                            ; On                 ; On                 ;
; Auto DSP Block Replacement                                                      ; On                 ; On                 ;
; Auto Shift Register Replacement                                                 ; Auto               ; Auto               ;
; Allow Shift Register Merging across Hierarchies                                 ; Auto               ; Auto               ;
; Auto Clock Enable Replacement                                                   ; On                 ; On                 ;
; Strict RAM Replacement                                                          ; Off                ; Off                ;
; Allow Synchronous Control Signals                                               ; On                 ; On                 ;
; Force Use of Synchronous Clear Signals                                          ; Off                ; Off                ;
; Auto Resource Sharing                                                           ; Off                ; Off                ;
; Allow Any RAM Size For Recognition                                              ; Off                ; Off                ;
; Allow Any ROM Size For Recognition                                              ; Off                ; Off                ;
; Allow Any Shift Register Size For Recognition                                   ; Off                ; Off                ;
; Use LogicLock Constraints during Resource Balancing                             ; On                 ; On                 ;
; Ignore translate_off and synthesis_off directives                               ; Off                ; Off                ;
; Timing-Driven Synthesis                                                         ; On                 ; On                 ;
; Report Parameter Settings                                                       ; On                 ; On                 ;
; Report Source Assignments                                                       ; On                 ; On                 ;
; Report Connectivity Checks                                                      ; On                 ; On                 ;
; Ignore Maximum Fan-Out Assignments                                              ; Off                ; Off                ;
; Synchronization Register Chain Length                                           ; 3                  ; 3                  ;
; Power Optimization During Synthesis                                             ; Normal compilation ; Normal compilation ;
; HDL message level                                                               ; Level2             ; Level2             ;
; Suppress Register Optimization Related Messages                                 ; Off                ; Off                ;
; Number of Removed Registers Reported in Synthesis Report                        ; 5000               ; 5000               ;
; Number of Swept Nodes Reported in Synthesis Report                              ; 5000               ; 5000               ;
; Number of Inverted Registers Reported in Synthesis Report                       ; 100                ; 100                ;
; Clock MUX Protection                                                            ; On                 ; On                 ;
; Auto Gated Clock Conversion                                                     ; Off                ; Off                ;
; Block Design Naming                                                             ; Auto               ; Auto               ;
; SDC constraint protection                                                       ; Off                ; Off                ;
; Synthesis Effort                                                                ; Auto               ; Auto               ;
; Shift Register Replacement - Allow Asynchronous Clear Signal                    ; On                 ; On                 ;
; Pre-Mapping Resynthesis Optimization                                            ; Off                ; Off                ;
; Analysis & Synthesis Message Level                                              ; Medium             ; Medium             ;
; Disable Register Merging Across Hierarchies                                     ; Auto               ; Auto               ;
; Resource Aware Inference For Block RAM                                          ; On                 ; On                 ;
; Automatic Parallel Synthesis                                                    ; On                 ; On                 ;
; Partial Reconfiguration Bitstream ID                                            ; Off                ; Off                ;
+---------------------------------------------------------------------------------+--------------------+--------------------+


+------------------------------------------+
; Parallel Compilation                     ;
+----------------------------+-------------+
; Processors                 ; Number      ;
+----------------------------+-------------+
; Number detected on machine ; 6           ;
; Maximum allowed            ; 6           ;
;                            ;             ;
; Average used               ; 1.00        ;
; Maximum used               ; 1           ;
;                            ;             ;
; Usage by Processor         ; % Time Used ;
;     Processor 1            ; 100.0%      ;
+----------------------------+-------------+


+--------------------------------------------------------------------------------------------------------------------------------------+
; Analysis & Synthesis Source Files Read                                                                                               ;
+--------------------------------------+-----------------+------------------------+------------------------------------------+---------+
; File Name with User-Entered Path     ; Used in Netlist ; File Type              ; File Name with Absolute Path             ; Library ;
+--------------------------------------+-----------------+------------------------+------------------------------------------+---------+
; part2/fourbit_counter.v              ; yes             ; User Verilog HDL File  ; E:/lab6 elec2602/part2/fourbit_counter.v ;         ;
; ../lab5 elec2602/p1/binary_to_7Seg.v ; yes             ; User Verilog HDL File  ; E:/lab5 elec2602/p1/binary_to_7Seg.v     ;         ;
; part1/state_reg.v                    ; yes             ; User Verilog HDL File  ; E:/lab6 elec2602/part1/state_reg.v       ;         ;
; part2/next_state_P2.v                ; yes             ; User Verilog HDL File  ; E:/lab6 elec2602/part2/next_state_P2.v   ;         ;
; part2/state_reg_P2.v                 ; yes             ; User Verilog HDL File  ; E:/lab6 elec2602/part2/state_reg_P2.v    ;         ;
; part2/output_sig_P2.v                ; yes             ; User Verilog HDL File  ; E:/lab6 elec2602/part2/output_sig_P2.v   ;         ;
; part2/n1s_n0s.v                      ; yes             ; User Verilog HDL File  ; E:/lab6 elec2602/part2/n1s_n0s.v         ;         ;
; part2/counter_module.v               ; yes             ; User Verilog HDL File  ; E:/lab6 elec2602/part2/counter_module.v  ;         ;
; int_n1s_n0s.v                        ; yes             ; User Verilog HDL File  ; E:/lab6 elec2602/int_n1s_n0s.v           ;         ;
+--------------------------------------+-----------------+------------------------+------------------------------------------+---------+


+-----------------------------------------------------------+
; Analysis & Synthesis Resource Usage Summary               ;
+---------------------------------------------+-------------+
; Resource                                    ; Usage       ;
+---------------------------------------------+-------------+
; Estimate of Logic utilization (ALMs needed) ; 4           ;
;                                             ;             ;
; Combinational ALUT usage for logic          ; 7           ;
;     -- 7 input functions                    ; 0           ;
;     -- 6 input functions                    ; 0           ;
;     -- 5 input functions                    ; 0           ;
;     -- 4 input functions                    ; 7           ;
;     -- <=3 input functions                  ; 0           ;
;                                             ;             ;
; Dedicated logic registers                   ; 0           ;
;                                             ;             ;
; I/O pins                                    ; 31          ;
;                                             ;             ;
; Total DSP Blocks                            ; 0           ;
;                                             ;             ;
; Maximum fan-out node                        ; SW[6]~input ;
; Maximum fan-out                             ; 7           ;
; Total fan-out                               ; 66          ;
; Average fan-out                             ; 0.96        ;
+---------------------------------------------+-------------+


+------------------------------------------------------------------------------------------------------------------------------------------------------------------------------------------------------------+
; Analysis & Synthesis Resource Utilization by Entity                                                                                                                                                        ;
+-----------------------------+---------------------+---------------------------+-------------------+------------+------+--------------+-------------------------------------+----------------+--------------+
; Compilation Hierarchy Node  ; Combinational ALUTs ; Dedicated Logic Registers ; Block Memory Bits ; DSP Blocks ; Pins ; Virtual Pins ; Full Hierarchy Name                 ; Entity Name    ; Library Name ;
+-----------------------------+---------------------+---------------------------+-------------------+------------+------+--------------+-------------------------------------+----------------+--------------+
; |int_n1s_n0s                ; 7 (0)               ; 0 (0)                     ; 0                 ; 0          ; 31   ; 0            ; |int_n1s_n0s                        ; int_n1s_n0s    ; work         ;
;    |binary_to_7Seg:display| ; 7 (7)               ; 0 (0)                     ; 0                 ; 0          ; 0    ; 0            ; |int_n1s_n0s|binary_to_7Seg:display ; binary_to_7Seg ; work         ;
+-----------------------------+---------------------+---------------------------+-------------------+------------+------+--------------+-------------------------------------+----------------+--------------+
Note: For table entries with two numbers listed, the numbers in parentheses indicate the number of resources of the given type used by the specific entity alone. The numbers listed outside of parentheses indicate the total resources of the given type used by the specific entity and all of its sub-entities in the hierarchy.


+------------------------------------------------------+
; General Register Statistics                          ;
+----------------------------------------------+-------+
; Statistic                                    ; Value ;
+----------------------------------------------+-------+
; Total registers                              ; 0     ;
; Number of registers using Synchronous Clear  ; 0     ;
; Number of registers using Synchronous Load   ; 0     ;
; Number of registers using Asynchronous Clear ; 0     ;
; Number of registers using Asynchronous Load  ; 0     ;
; Number of registers using Clock Enable       ; 0     ;
; Number of registers using Preset             ; 0     ;
+----------------------------------------------+-------+


+------------------------------------------------------------------------------------------------------------------------------------------------------------------------+
; Port Connectivity Checks: "n1s_n0s:thing|counter_module:counter_thing"                                                                                                 ;
+------+-------+----------+----------------------------------------------------------------------------------------------------------------------------------------------+
; Port ; Type  ; Severity ; Details                                                                                                                                      ;
+------+-------+----------+----------------------------------------------------------------------------------------------------------------------------------------------+
; save ; Input ; Warning  ; Declared by entity but not connected by instance. If a default value exists, it will be used.  Otherwise, the port will be connected to GND. ;
+------+-------+----------+----------------------------------------------------------------------------------------------------------------------------------------------+


+-----------------------------------------------------+
; Post-Synthesis Netlist Statistics for Top Partition ;
+-----------------------+-----------------------------+
; Type                  ; Count                       ;
+-----------------------+-----------------------------+
; arriav_lcell_comb     ; 9                           ;
;     normal            ; 9                           ;
;         0 data inputs ; 1                           ;
;         1 data inputs ; 1                           ;
;         4 data inputs ; 7                           ;
; boundary_port         ; 31                          ;
;                       ;                             ;
; Max LUT depth         ; 2.00                        ;
; Average LUT depth     ; 1.38                        ;
+-----------------------+-----------------------------+


+-------------------------------+
; Elapsed Time Per Partition    ;
+----------------+--------------+
; Partition Name ; Elapsed Time ;
+----------------+--------------+
; Top            ; 00:00:00     ;
+----------------+--------------+


+-------------------------------+
; Analysis & Synthesis Messages ;
+-------------------------------+
Info: *******************************************************************
Info: Running Quartus Prime Analysis & Synthesis
    Info: Version 20.1.0 Build 711 06/05/2020 SJ Lite Edition
    Info: Processing started: Thu May 05 15:06:27 2022
Info: Command: quartus_map --read_settings_files=on --write_settings_files=off lab6 -c lab6
Warning (18236): Number of processors has not been specified which may cause overloading on shared machines.  Set the global assignment NUM_PARALLEL_PROCESSORS in your QSF to an appropriate value for best performance.
Info (20030): Parallel compilation is enabled and will use 6 of the 6 processors detected
Info (12021): Found 1 design units, including 1 entities, in source file part2/fourbit_counter.v
    Info (12023): Found entity 1: fourbit_counter File: E:/lab6 elec2602/part2/fourbit_counter.v Line: 1
Info (12021): Found 1 design units, including 1 entities, in source file /lab5 elec2602/p1/binary_to_7seg.v
    Info (12023): Found entity 1: binary_to_7Seg File: E:/lab5 elec2602/p1/binary_to_7Seg.v Line: 1
Info (12021): Found 1 design units, including 1 entities, in source file part1/state_reg.v
    Info (12023): Found entity 1: state_reg File: E:/lab6 elec2602/part1/state_reg.v Line: 1
Info (12021): Found 1 design units, including 1 entities, in source file part1/output_sig.v
    Info (12023): Found entity 1: output_sig File: E:/lab6 elec2602/part1/output_sig.v Line: 1
Info (12021): Found 1 design units, including 1 entities, in source file part1/next_state.v
    Info (12023): Found entity 1: next_state File: E:/lab6 elec2602/part1/next_state.v Line: 1
Info (12021): Found 1 design units, including 1 entities, in source file part1/lab6_p1_tb.v
    Info (12023): Found entity 1: lab6_p1_TB File: E:/lab6 elec2602/part1/lab6_p1_TB.v Line: 1
Info (12021): Found 1 design units, including 1 entities, in source file part1/four1s_four0s.v
    Info (12023): Found entity 1: four1s_four0s File: E:/lab6 elec2602/part1/four1s_four0s.v Line: 1
Info (12021): Found 1 design units, including 1 entities, in source file part1/inst_seq_detect.v
    Info (12023): Found entity 1: inst_seq_detect File: E:/lab6 elec2602/part1/inst_seq_detect.v Line: 1
Info (12021): Found 1 design units, including 1 entities, in source file part2/next_state_p2.v
    Info (12023): Found entity 1: next_state_P2 File: E:/lab6 elec2602/part2/next_state_P2.v Line: 1
Info (12021): Found 1 design units, including 1 entities, in source file part2/state_reg_p2.v
    Info (12023): Found entity 1: threebit_state_reg_P2 File: E:/lab6 elec2602/part2/state_reg_P2.v Line: 1
Info (12021): Found 1 design units, including 1 entities, in source file part2/output_sig_p2.v
    Info (12023): Found entity 1: output_sig_P2 File: E:/lab6 elec2602/part2/output_sig_P2.v Line: 1
Info (12021): Found 1 design units, including 1 entities, in source file part2/n1s_n0s.v
    Info (12023): Found entity 1: n1s_n0s File: E:/lab6 elec2602/part2/n1s_n0s.v Line: 1
Info (12021): Found 1 design units, including 1 entities, in source file part2/counter_module.v
    Info (12023): Found entity 1: counter_module File: E:/lab6 elec2602/part2/counter_module.v Line: 1
Info (12021): Found 1 design units, including 1 entities, in source file int_n1s_n0s.v
    Info (12023): Found entity 1: int_n1s_n0s File: E:/lab6 elec2602/int_n1s_n0s.v Line: 1
Info (12127): Elaborating entity "int_n1s_n0s" for the top level hierarchy
Info (12128): Elaborating entity "n1s_n0s" for hierarchy "n1s_n0s:thing" File: E:/lab6 elec2602/int_n1s_n0s.v Line: 9
Info (12128): Elaborating entity "state_reg" for hierarchy "n1s_n0s:thing|state_reg:four_bit_reg" File: E:/lab6 elec2602/part2/n1s_n0s.v Line: 11
Info (12128): Elaborating entity "counter_module" for hierarchy "n1s_n0s:thing|counter_module:counter_thing" File: E:/lab6 elec2602/part2/n1s_n0s.v Line: 14
Info (12128): Elaborating entity "fourbit_counter" for hierarchy "n1s_n0s:thing|counter_module:counter_thing|fourbit_counter:counter" File: E:/lab6 elec2602/part2/counter_module.v Line: 8
Warning (10230): Verilog HDL assignment warning at fourbit_counter.v(11): truncated value with size 32 to match size of target (4) File: E:/lab6 elec2602/part2/fourbit_counter.v Line: 11
Info (12128): Elaborating entity "output_sig_P2" for hierarchy "n1s_n0s:thing|output_sig_P2:get_out" File: E:/lab6 elec2602/part2/n1s_n0s.v Line: 16
Warning (10235): Verilog HDL Always Construct warning at output_sig_P2.v(14): variable "state" is read inside the Always Construct but isn't in the Always Construct's Event Control File: E:/lab6 elec2602/part2/output_sig_P2.v Line: 14
Warning (10059): Verilog HDL Case Statement warning at output_sig_P2.v(19): case item expression never matches the case expression because it contains an 'x' or 'z' value File: E:/lab6 elec2602/part2/output_sig_P2.v Line: 19
Warning (10199): Verilog HDL Case Statement warning at output_sig_P2.v(20): case item expression never matches the case expression File: E:/lab6 elec2602/part2/output_sig_P2.v Line: 20
Info (12128): Elaborating entity "next_state_P2" for hierarchy "n1s_n0s:thing|next_state_P2:get_state" File: E:/lab6 elec2602/part2/n1s_n0s.v Line: 18
Warning (10059): Verilog HDL Case Statement warning at next_state_P2.v(18): case item expression never matches the case expression because it contains an 'x' or 'z' value File: E:/lab6 elec2602/part2/next_state_P2.v Line: 18
Warning (10059): Verilog HDL Case Statement warning at next_state_P2.v(19): case item expression never matches the case expression because it contains an 'x' or 'z' value File: E:/lab6 elec2602/part2/next_state_P2.v Line: 19
Warning (10059): Verilog HDL Case Statement warning at next_state_P2.v(23): case item expression never matches the case expression because it contains an 'x' or 'z' value File: E:/lab6 elec2602/part2/next_state_P2.v Line: 23
Warning (10059): Verilog HDL Case Statement warning at next_state_P2.v(25): case item expression never matches the case expression because it contains an 'x' or 'z' value File: E:/lab6 elec2602/part2/next_state_P2.v Line: 25
Warning (10059): Verilog HDL Case Statement warning at next_state_P2.v(26): case item expression never matches the case expression because it contains an 'x' or 'z' value File: E:/lab6 elec2602/part2/next_state_P2.v Line: 26
Warning (10059): Verilog HDL Case Statement warning at next_state_P2.v(30): case item expression never matches the case expression because it contains an 'x' or 'z' value File: E:/lab6 elec2602/part2/next_state_P2.v Line: 30
Warning (10059): Verilog HDL Case Statement warning at next_state_P2.v(32): case item expression never matches the case expression because it contains an 'x' or 'z' value File: E:/lab6 elec2602/part2/next_state_P2.v Line: 32
Warning (10059): Verilog HDL Case Statement warning at next_state_P2.v(33): case item expression never matches the case expression because it contains an 'x' or 'z' value File: E:/lab6 elec2602/part2/next_state_P2.v Line: 33
Info (12128): Elaborating entity "threebit_state_reg_P2" for hierarchy "n1s_n0s:thing|threebit_state_reg_P2:state_reg" File: E:/lab6 elec2602/part2/n1s_n0s.v Line: 20
Info (12128): Elaborating entity "binary_to_7Seg" for hierarchy "binary_to_7Seg:display" File: E:/lab6 elec2602/int_n1s_n0s.v Line: 12
Warning (12241): 1 hierarchies have connectivity warnings - see the Connectivity Checks report folder
Warning (13024): Output pins are stuck at VCC or GND
    Warning (13410): Pin "LED[0]" is stuck at GND File: E:/lab6 elec2602/int_n1s_n0s.v Line: 5
    Warning (13410): Pin "LED[1]" is stuck at GND File: E:/lab6 elec2602/int_n1s_n0s.v Line: 5
    Warning (13410): Pin "LED[2]" is stuck at GND File: E:/lab6 elec2602/int_n1s_n0s.v Line: 5
    Warning (13410): Pin "LED[3]" is stuck at GND File: E:/lab6 elec2602/int_n1s_n0s.v Line: 5
    Warning (13410): Pin "LED[4]" is stuck at GND File: E:/lab6 elec2602/int_n1s_n0s.v Line: 5
    Warning (13410): Pin "LED[5]" is stuck at GND File: E:/lab6 elec2602/int_n1s_n0s.v Line: 5
    Warning (13410): Pin "LED[6]" is stuck at GND File: E:/lab6 elec2602/int_n1s_n0s.v Line: 5
    Warning (13410): Pin "LED[7]" is stuck at GND File: E:/lab6 elec2602/int_n1s_n0s.v Line: 5
    Warning (13410): Pin "LED[8]" is stuck at GND File: E:/lab6 elec2602/int_n1s_n0s.v Line: 5
    Warning (13410): Pin "LED[9]" is stuck at GND File: E:/lab6 elec2602/int_n1s_n0s.v Line: 5
Info (286030): Timing-Driven Synthesis is running
Warning (20013): Ignored 24 assignments for entity "DE1_SoC" -- entity does not exist in design
    Warning (20014): Assignment for entity set_instance_assignment -name PARTITION_HIERARCHY root_partition -to | -entity DE1_SoC -section_id Top was ignored
    Warning (20014): Assignment for entity set_global_assignment -name PARTITION_NETLIST_TYPE SOURCE -entity DE1_SoC -section_id Top was ignored
    Warning (20014): Assignment for entity set_global_assignment -name PARTITION_FITTER_PRESERVATION_LEVEL PLACEMENT_AND_ROUTING -entity DE1_SoC -section_id Top was ignored
    Warning (20014): Assignment for entity set_global_assignment -name PARTITION_PRESERVE_HIGH_SPEED_TILES ON -entity DE1_SoC -section_id Top was ignored
    Warning (20014): Assignment for entity set_global_assignment -name PARTITION_IGNORE_SOURCE_FILE_CHANGES OFF -entity DE1_SoC -section_id Top was ignored
    Warning (20014): Assignment for entity set_global_assignment -name PARTITION_ALWAYS_USE_QXP_NETLIST OFF -entity DE1_SoC -section_id Top was ignored
    Warning (20014): Assignment for entity set_global_assignment -name PARTITION_COLOR 16764057 -entity DE1_SoC -section_id Top was ignored
    Warning (20014): Assignment for entity set_global_assignment -name PARTITION_IMPORT_ASSIGNMENTS ON -entity DE1_SoC -section_id Top was ignored
    Warning (20014): Assignment for entity set_global_assignment -name PARTITION_IMPORT_EXISTING_ASSIGNMENTS REPLACE_CONFLICTING -entity DE1_SoC -section_id Top was ignored
    Warning (20014): Assignment for entity set_global_assignment -name PARTITION_IMPORT_EXISTING_LOGICLOCK_REGIONS UPDATE_CONFLICTING -entity DE1_SoC -section_id Top was ignored
    Warning (20014): Assignment for entity set_global_assignment -name PARTITION_IMPORT_PIN_ASSIGNMENTS ON -entity DE1_SoC -section_id Top was ignored
    Warning (20014): Assignment for entity set_global_assignment -name PARTITION_IMPORT_PROMOTE_ASSIGNMENTS ON -entity DE1_SoC -section_id Top was ignored
    Warning (20014): Assignment for entity set_global_assignment -name PARTITION_TYPE STANDARD_PARTITION -entity DE1_SoC -section_id Top was ignored
    Warning (20014): Assignment for entity set_global_assignment -name ALLOW_MULTIPLE_PERSONAS OFF -entity DE1_SoC -section_id Top was ignored
    Warning (20014): Assignment for entity set_global_assignment -name PARTITION_ASD_REGION_ID 1 -entity DE1_SoC -section_id Top was ignored
    Warning (20014): Assignment for entity set_global_assignment -name CROSS_BOUNDARY_OPTIMIZATIONS OFF -entity DE1_SoC -section_id Top was ignored
    Warning (20014): Assignment for entity set_global_assignment -name PROPAGATE_CONSTANTS_ON_INPUTS ON -entity DE1_SoC -section_id Top was ignored
    Warning (20014): Assignment for entity set_global_assignment -name PROPAGATE_INVERSIONS_ON_INPUTS ON -entity DE1_SoC -section_id Top was ignored
    Warning (20014): Assignment for entity set_global_assignment -name REMOVE_LOGIC_ON_UNCONNECTED_OUTPUTS ON -entity DE1_SoC -section_id Top was ignored
    Warning (20014): Assignment for entity set_global_assignment -name MERGE_EQUIVALENT_INPUTS ON -entity DE1_SoC -section_id Top was ignored
    Warning (20014): Assignment for entity set_global_assignment -name MERGE_EQUIVALENT_BIDIRS ON -entity DE1_SoC -section_id Top was ignored
    Warning (20014): Assignment for entity set_global_assignment -name ABSORB_PATHS_FROM_OUTPUTS_TO_INPUTS ON -entity DE1_SoC -section_id Top was ignored
    Warning (20014): Assignment for entity set_global_assignment -name PARTITION_EXTRACT_HARD_BLOCK_NODES ON -entity DE1_SoC -section_id Top was ignored
    Warning (20014): Assignment for entity set_global_assignment -name PARTITION_ENABLE_STRICT_PRESERVATION OFF -entity DE1_SoC -section_id Top was ignored
Info (144001): Generated suppressed messages file E:/lab6 elec2602/output_files/lab6.map.smsg
Info (16010): Generating hard_block partition "hard_block:auto_generated_inst"
    Info (16011): Adding 0 node(s), including 0 DDIO, 0 PLL, 0 transceiver and 0 LCELL
Warning (21074): Design contains 10 input pin(s) that do not drive logic
    Warning (15610): No output dependent on input pin "SW[0]" File: E:/lab6 elec2602/int_n1s_n0s.v Line: 3
    Warning (15610): No output dependent on input pin "SW[1]" File: E:/lab6 elec2602/int_n1s_n0s.v Line: 3
    Warning (15610): No output dependent on input pin "SW[2]" File: E:/lab6 elec2602/int_n1s_n0s.v Line: 3
    Warning (15610): No output dependent on input pin "SW[3]" File: E:/lab6 elec2602/int_n1s_n0s.v Line: 3
    Warning (15610): No output dependent on input pin "SW[4]" File: E:/lab6 elec2602/int_n1s_n0s.v Line: 3
    Warning (15610): No output dependent on input pin "SW[5]" File: E:/lab6 elec2602/int_n1s_n0s.v Line: 3
    Warning (15610): No output dependent on input pin "KEY[0]" File: E:/lab6 elec2602/int_n1s_n0s.v Line: 4
    Warning (15610): No output dependent on input pin "KEY[1]" File: E:/lab6 elec2602/int_n1s_n0s.v Line: 4
    Warning (15610): No output dependent on input pin "KEY[2]" File: E:/lab6 elec2602/int_n1s_n0s.v Line: 4
    Warning (15610): No output dependent on input pin "KEY[3]" File: E:/lab6 elec2602/int_n1s_n0s.v Line: 4
Info (21057): Implemented 38 device resources after synthesis - the final resource count might be different
    Info (21058): Implemented 14 input pins
    Info (21059): Implemented 17 output pins
    Info (21061): Implemented 7 logic cells
Info: Quartus Prime Analysis & Synthesis was successful. 0 errors, 61 warnings
    Info: Peak virtual memory: 4825 megabytes
    Info: Processing ended: Thu May 05 15:06:37 2022
    Info: Elapsed time: 00:00:10
    Info: Total CPU time (on all processors): 00:00:16


+------------------------------------------+
; Analysis & Synthesis Suppressed Messages ;
+------------------------------------------+
The suppressed messages can be found in E:/lab6 elec2602/output_files/lab6.map.smsg.


